<?xml version="1.0" encoding="UTF-8"?>
<testsuite name="com.example.demo_sd.DemoSdApplicationTests" tests="1" skipped="0" failures="0" errors="0" timestamp="2024-09-22T16:08:05" hostname="Air-di-Desire.homenet.telecomitalia.it" time="1.866">
  <properties/>
  <testcase name="contextLoads()" classname="com.example.demo_sd.DemoSdApplicationTests" time="1.866"/>
  <system-out><![CDATA[18:08:04.043 [Test worker] INFO org.springframework.test.context.support.AnnotationConfigContextLoaderUtils -- Could not detect default configuration classes for test class [com.example.demo_sd.DemoSdApplicationTests]: DemoSdApplicationTests does not declare any static, non-private, non-final, nested classes annotated with @Configuration.
18:08:04.202 [Test worker] INFO org.springframework.boot.test.context.SpringBootTestContextBootstrapper -- Found @SpringBootConfiguration com.example.demo_sd.DemoSdApplication for test class com.example.demo_sd.DemoSdApplicationTests

  .   ____          _            __ _ _
 /\\ / ___'_ __ _ _(_)_ __  __ _ \ \ \ \
( ( )\___ | '_ | '_| | '_ \/ _` | \ \ \ \
 \\/  ___)| |_)| | | | | || (_| |  ) ) ) )
  '  |____| .__|_| |_|_| |_\__, | / / / /
 =========|_|==============|___/=/_/_/_/

 :: Spring Boot ::                (v3.3.4)

2024-09-22T18:08:04.807+02:00  INFO 8216 --- [demo_sd] [    Test worker] c.e.demo_sd.DemoSdApplicationTests       : Starting DemoSdApplicationTests using Java 23 with PID 8216 (started by desychiappetta in /Users/desychiappetta/Desktop/demo_sd)
2024-09-22T18:08:04.809+02:00  INFO 8216 --- [demo_sd] [    Test worker] c.e.demo_sd.DemoSdApplicationTests       : No active profile set, falling back to 1 default profile: "default"
2024-09-22T18:08:05.776+02:00  INFO 8216 --- [demo_sd] [    Test worker] c.e.demo_sd.DemoSdApplicationTests       : Started DemoSdApplicationTests in 1.392 seconds (process running for 3.345)
]]></system-out>
  <system-err><![CDATA[WARNING: A Java agent has been loaded dynamically (/Users/desychiappetta/.gradle/caches/modules-2/files-2.1/net.bytebuddy/byte-buddy-agent/1.14.19/154da3a65b4f4a909d3e5bdec55d1b2b4cbb6ce1/byte-buddy-agent-1.14.19.jar)
WARNING: If a serviceability tool is in use, please run with -XX:+EnableDynamicAgentLoading to hide this warning
WARNING: If a serviceability tool is not in use, please run with -Djdk.instrument.traceUsage for more information
WARNING: Dynamic loading of agents will be disallowed by default in a future release
]]></system-err>
</testsuite>
